[2026-01-22T04:21:56.701Z] GET /api/auth/me
[2026-01-22T04:21:56.718Z] GET /api/table
[2026-01-22T04:25:29.138Z] GET /api/table
[2026-01-22T04:25:29.157Z] GET /api/auth/me
[2026-01-22T04:25:32.645Z] GET /api/table
[2026-01-22T04:25:35.069Z] GET /api/table
[2026-01-22T04:25:39.390Z] GET /api/table
[2026-01-22T04:25:42.562Z] GET /api/matches
[2026-01-22T04:25:42.569Z] GET /api/teams
[2026-01-22T04:25:43.896Z] GET /api/matches
[2026-01-22T04:25:46.247Z] GET /api/teams
[2026-01-22T04:25:46.327Z] GET /api/matches
[2026-01-22T04:25:48.578Z] GET /api/teams
[2026-01-22T04:25:50.991Z] GET /api/matches
[2026-01-22T04:25:52.925Z] GET /api/teams
[2026-01-22T04:26:15.947Z] GET /api/table
[2026-01-22T04:26:15.956Z] GET /api/auth/me
[2026-01-22T04:26:17.785Z] GET /api/table
[2026-01-22T04:26:20.121Z] GET /api/table
[2026-01-22T04:26:24.479Z] GET /api/table
[2026-01-22T04:26:36.462Z] GET /api/matches
[2026-01-22T04:26:36.477Z] GET /api/teams
[2026-01-22T04:26:38.594Z] GET /api/teams
[2026-01-22T04:26:38.622Z] GET /api/matches
[2026-01-22T04:26:40.979Z] GET /api/teams
[2026-01-22T04:26:40.986Z] GET /api/matches
[2026-01-22T04:26:45.884Z] GET /api/teams
[2026-01-22T04:26:45.994Z] GET /api/matches
[2026-01-22T04:26:55.133Z] GET /api/table
[2026-01-22T04:26:55.136Z] GET /api/auth/me
[2026-01-22T04:26:56.704Z] GET /api/table
[2026-01-22T04:26:59.059Z] GET /api/table
[2026-01-22T04:27:03.390Z] GET /api/table
[2026-01-22T04:27:35.074Z] GET /api/table
[2026-01-22T04:27:35.079Z] GET /api/auth/me
[2026-01-22T04:27:36.839Z] GET /api/table
[2026-01-22T04:27:39.166Z] GET /api/table
[2026-01-22T04:27:43.618Z] GET /api/table
[2026-01-22T04:27:52.228Z] GET /api/matches
[2026-01-22T04:27:52.239Z] GET /api/teams
[2026-01-22T04:27:53.838Z] GET /api/matches
[2026-01-22T04:27:53.844Z] GET /api/teams
[2026-01-22T04:27:56.159Z] GET /api/teams
[2026-01-22T04:27:56.210Z] GET /api/matches
[2026-01-22T04:28:00.632Z] GET /api/teams
[2026-01-22T04:28:00.645Z] GET /api/matches
[2026-01-22T04:28:01.216Z] GET /api/teams
[2026-01-22T04:28:01.223Z] GET /api/stats/league
[2026-01-22T04:28:01.246Z] GET /api/stats/top-performers
[2026-01-22T04:28:01.254Z] GET /api/table
[2026-01-22T04:28:02.544Z] GET /api/teams
[2026-01-22T04:28:02.583Z] GET /api/stats/league
[2026-01-22T04:28:04.972Z] GET /api/stats/top-performers
[2026-01-22T04:28:04.975Z] GET /api/table
[2026-01-22T04:28:05.093Z] GET /api/teams
[2026-01-22T04:28:05.103Z] GET /api/stats/league
[2026-01-22T04:28:07.287Z] GET /api/stats/top-performers
[2026-01-22T04:28:07.315Z] GET /api/table
[2026-01-22T04:28:09.415Z] GET /api/teams
[2026-01-22T04:28:09.433Z] GET /api/stats/league
[2026-01-22T04:28:11.596Z] GET /api/stats/top-performers
[2026-01-22T04:28:11.772Z] GET /api/table
[2026-01-22T04:28:15.216Z] GET /api/auth/me
[2026-01-22T04:28:15.222Z] GET /api/table
[2026-01-22T04:28:16.527Z] GET /api/table
[2026-01-22T04:28:18.954Z] GET /api/table
[2026-01-22T04:28:18.959Z] GET /api/auth/me
[2026-01-22T04:28:20.446Z] GET /api/table
[2026-01-22T04:28:22.923Z] GET /api/table
[2026-01-22T04:28:27.637Z] GET /api/table
[2026-01-22T04:28:33.502Z] GET /api/table
[2026-01-22T04:28:33.525Z] GET /api/auth/me
[2026-01-22T04:28:34.888Z] GET /api/table
[2026-01-22T04:28:37.313Z] GET /api/table
[2026-01-22T04:29:21.206Z] GET /api/table
[2026-01-22T04:29:21.223Z] GET /api/auth/me
[2026-01-22T04:29:25.993Z] GET /api/table
[2026-01-22T04:29:28.311Z] GET /api/table
[2026-01-22T04:29:32.770Z] GET /api/table
[2026-01-22T04:29:40.273Z] GET /api/table
[2026-01-22T04:29:40.283Z] GET /api/auth/me
[2026-01-22T04:29:42.115Z] GET /api/table
[2026-01-22T04:29:44.501Z] GET /api/table
[2026-01-22T04:29:49.072Z] GET /api/table
[2026-01-22T04:31:27.480Z] GET /api/auth/me
[2026-01-22T04:31:27.495Z] GET /api/table
[2026-01-22T04:31:29.177Z] GET /api/table
[2026-01-22T04:33:37.301Z] GET /api/table
[2026-01-22T04:33:37.323Z] GET /api/auth/me
[2026-01-22T04:33:51.301Z] GET /api/matches
[2026-01-22T04:33:51.317Z] GET /api/teams
[2026-01-22T04:33:54.318Z] GET /api/table
[2026-01-22T04:33:54.328Z] GET /api/auth/me
[2026-01-22T04:34:28.114Z] GET /api/matches
[2026-01-22T04:34:28.118Z] GET /api/teams
[2026-01-22T04:34:44.358Z] POST /api/auth/login
[2026-01-22T04:34:46.011Z] GET /api/teams
[2026-01-22T04:34:46.029Z] GET /api/matches
[2026-01-22T04:34:46.035Z] GET /api/players
[2026-01-22T04:34:55.590Z] GET /api/table
[2026-01-22T04:34:57.192Z] GET /api/matches
[2026-01-22T04:34:57.197Z] GET /api/teams
[2026-01-22T04:35:52.831Z] GET /api/auth/me
[2026-01-22T04:35:52.845Z] GET /api/matches
[2026-01-22T04:35:52.849Z] GET /api/teams
[2026-01-22T04:42:28.988Z] GET /api/matches
[2026-01-22T04:42:29.000Z] GET /api/teams
[2026-01-22T04:42:29.015Z] GET /api/auth/me
[2026-01-22T04:42:29.280Z] GET /api/matches
[2026-01-22T04:42:29.288Z] GET /api/teams
[2026-01-22T04:42:29.294Z] GET /api/auth/me
[2026-01-22T04:42:29.780Z] GET /api/auth/me
[2026-01-22T04:42:30.261Z] GET /api/stats/league
[2026-01-22T04:42:30.270Z] GET /api/stats/top-performers
[2026-01-22T04:42:30.274Z] GET /api/table
[2026-01-22T04:42:30.280Z] GET /api/auth/me
[2026-01-22T04:42:30.298Z] GET /api/auth/me
[2026-01-22T04:42:34.374Z] GET /api/teams
[2026-01-22T04:42:34.934Z] GET /api/teams
[2026-01-22T04:42:35.737Z] GET /api/table
[2026-01-22T04:42:37.088Z] GET /api/matches
[2026-01-22T04:45:12.776Z] GET /api/auth/me
[2026-01-22T04:45:12.790Z] GET /api/table
[2026-01-22T04:45:13.299Z] GET /api/table
[2026-01-22T04:45:13.303Z] GET /api/auth/me
[2026-01-22T04:46:44.942Z] GET /api/auth/me
[2026-01-22T04:46:44.961Z] GET /api/matches
[2026-01-22T04:46:44.964Z] GET /api/teams
[2026-01-22T04:47:13.884Z] GET /api/auth/me
[2026-01-22T04:47:13.903Z] GET /api/matches
[2026-01-22T04:47:13.907Z] GET /api/teams
[2026-01-22T04:55:24.431Z] GET /api/auth/me
[2026-01-22T04:55:24.447Z] GET /api/table
[2026-01-22T04:55:30.873Z] GET /api/auth/me
[2026-01-22T04:55:30.894Z] GET /api/table
[2026-01-22T04:55:32.975Z] GET /api/auth/me
[2026-01-22T04:55:32.990Z] GET /api/matches
[2026-01-22T04:55:32.994Z] GET /api/teams
